[ 2026-05-08 16:11:53,684 ] 45 root - INFO - Load object method started...
[ 2026-05-08 16:11:53,761 ] 48 root - INFO - Object loaded successfully
[ 2026-05-08 16:11:53,761 ] 45 root - INFO - Load object method started...
[ 2026-05-08 16:11:53,828 ] 48 root - INFO - Object loaded successfully
[ 2026-05-08 16:11:53,828 ] 33 root - INFO - Model and TF-IDF loaded successfully
[ 2026-05-08 16:11:53,828 ] 41 root - INFO - Prediction pipeline started
[ 2026-05-08 16:11:53,829 ] 50 root - INFO - URL transformed successfully
[ 2026-05-08 16:11:53,968 ] 87 root - INFO - Prediction completed: Legitimate
[ 2026-05-08 16:11:53,970 ] 41 root - INFO - Prediction pipeline started
[ 2026-05-08 16:11:53,971 ] 50 root - INFO - URL transformed successfully
[ 2026-05-08 16:11:54,112 ] 87 root - INFO - Prediction completed: Legitimate
[ 2026-05-08 16:11:54,113 ] 41 root - INFO - Prediction pipeline started
[ 2026-05-08 16:11:54,113 ] 50 root - INFO - URL transformed successfully
[ 2026-05-08 16:11:54,226 ] 87 root - INFO - Prediction completed: Legitimate
[ 2026-05-08 16:11:54,226 ] 41 root - INFO - Prediction pipeline started
[ 2026-05-08 16:11:54,227 ] 50 root - INFO - URL transformed successfully
[ 2026-05-08 16:11:54,335 ] 87 root - INFO - Prediction completed: Phishing
[ 2026-05-08 16:11:54,335 ] 41 root - INFO - Prediction pipeline started
[ 2026-05-08 16:11:54,336 ] 50 root - INFO - URL transformed successfully
[ 2026-05-08 16:11:54,451 ] 87 root - INFO - Prediction completed: Phishing
[ 2026-05-08 16:11:54,451 ] 41 root - INFO - Prediction pipeline started
[ 2026-05-08 16:11:54,452 ] 50 root - INFO - URL transformed successfully
[ 2026-05-08 16:11:54,550 ] 87 root - INFO - Prediction completed: Phishing
[ 2026-05-08 16:11:54,550 ] 41 root - INFO - Prediction pipeline started
[ 2026-05-08 16:11:54,551 ] 50 root - INFO - URL transformed successfully
[ 2026-05-08 16:11:54,651 ] 87 root - INFO - Prediction completed: Legitimate
