[ 2026-05-08 18:17:34,306 ] 45 root - INFO - Load object method started...
[ 2026-05-08 18:17:34,398 ] 48 root - INFO - Object loaded successfully
[ 2026-05-08 18:17:34,398 ] 45 root - INFO - Load object method started...
[ 2026-05-08 18:17:34,482 ] 48 root - INFO - Object loaded successfully
[ 2026-05-08 18:17:34,482 ] 33 root - INFO - Model and TF-IDF loaded successfully
[ 2026-05-08 18:17:34,689 ] 1025 httpx - INFO - HTTP Request: GET http://127.0.0.1:7860/startup-events "HTTP/1.1 200 OK"
[ 2026-05-08 18:17:34,716 ] 1025 httpx - INFO - HTTP Request: HEAD http://127.0.0.1:7860/ "HTTP/1.1 200 OK"
[ 2026-05-08 18:17:34,801 ] 1025 httpx - INFO - HTTP Request: GET https://checkip.amazonaws.com/ "HTTP/1.1 200 "
[ 2026-05-08 18:17:35,337 ] 1025 httpx - INFO - HTTP Request: GET https://api.gradio.app/pkg-version "HTTP/1.1 200 OK"
[ 2026-05-08 18:17:35,555 ] 1025 httpx - INFO - HTTP Request: GET https://api.gradio.app/v2/tunnel-request "HTTP/1.1 200 OK"
[ 2026-05-08 18:17:51,918 ] 41 root - INFO - Prediction pipeline started
[ 2026-05-08 18:17:51,920 ] 50 root - INFO - URL transformed successfully
[ 2026-05-08 18:17:52,164 ] 83 root - INFO - Prediction completed: Phishing
[ 2026-05-08 18:17:59,088 ] 41 root - INFO - Prediction pipeline started
[ 2026-05-08 18:17:59,089 ] 50 root - INFO - URL transformed successfully
[ 2026-05-08 18:17:59,265 ] 83 root - INFO - Prediction completed: Phishing
[ 2026-05-08 18:18:29,762 ] 41 root - INFO - Prediction pipeline started
[ 2026-05-08 18:18:29,764 ] 50 root - INFO - URL transformed successfully
[ 2026-05-08 18:18:29,975 ] 83 root - INFO - Prediction completed: Phishing
[ 2026-05-08 18:18:38,232 ] 41 root - INFO - Prediction pipeline started
[ 2026-05-08 18:18:38,233 ] 50 root - INFO - URL transformed successfully
[ 2026-05-08 18:18:38,411 ] 83 root - INFO - Prediction completed: Phishing
