[ 2026-05-08 18:54:42,702 ] 45 root - INFO - Load object method started...
[ 2026-05-08 18:54:42,882 ] 48 root - INFO - Object loaded successfully
[ 2026-05-08 18:54:42,882 ] 45 root - INFO - Load object method started...
[ 2026-05-08 18:54:43,034 ] 48 root - INFO - Object loaded successfully
[ 2026-05-08 18:54:43,035 ] 36 root - INFO - Model and TF-IDF loaded successfully
[ 2026-05-08 18:55:03,499 ] 45 root - INFO - Load object method started...
[ 2026-05-08 18:55:03,545 ] 48 root - INFO - Object loaded successfully
[ 2026-05-08 18:55:03,546 ] 45 root - INFO - Load object method started...
[ 2026-05-08 18:55:03,568 ] 45 root - INFO - Load object method started...
[ 2026-05-08 18:55:03,746 ] 48 root - INFO - Object loaded successfully
[ 2026-05-08 18:55:03,748 ] 36 root - INFO - Model and TF-IDF loaded successfully
[ 2026-05-08 18:55:03,818 ] 48 root - INFO - Object loaded successfully
[ 2026-05-08 18:55:03,819 ] 45 root - INFO - Load object method started...
[ 2026-05-08 18:55:03,951 ] 48 root - INFO - Object loaded successfully
[ 2026-05-08 18:55:03,951 ] 36 root - INFO - Model and TF-IDF loaded successfully
[ 2026-05-08 18:55:03,954 ] 48 root - INFO - Prediction pipeline started
[ 2026-05-08 18:55:03,957 ] 57 root - INFO - URL transformed successfully
[ 2026-05-08 18:55:04,138 ] 93 root - INFO - Prediction completed: \u2705 Legitimate
[ 2026-05-08 18:55:14,573 ] 45 root - INFO - Load object method started...
[ 2026-05-08 18:55:14,621 ] 48 root - INFO - Object loaded successfully
[ 2026-05-08 18:55:14,621 ] 45 root - INFO - Load object method started...
[ 2026-05-08 18:55:14,677 ] 45 root - INFO - Load object method started...
[ 2026-05-08 18:55:14,795 ] 48 root - INFO - Object loaded successfully
[ 2026-05-08 18:55:14,795 ] 36 root - INFO - Model and TF-IDF loaded successfully
[ 2026-05-08 18:55:14,898 ] 48 root - INFO - Object loaded successfully
[ 2026-05-08 18:55:14,898 ] 45 root - INFO - Load object method started...
[ 2026-05-08 18:55:15,093 ] 48 root - INFO - Object loaded successfully
[ 2026-05-08 18:55:15,094 ] 36 root - INFO - Model and TF-IDF loaded successfully
[ 2026-05-08 18:55:15,095 ] 48 root - INFO - Prediction pipeline started
[ 2026-05-08 18:55:15,097 ] 57 root - INFO - URL transformed successfully
[ 2026-05-08 18:55:15,276 ] 93 root - INFO - Prediction completed: \u26a0\ufe0f Phishing
[ 2026-05-08 18:55:21,949 ] 45 root - INFO - Load object method started...
[ 2026-05-08 18:55:22,019 ] 48 root - INFO - Object loaded successfully
[ 2026-05-08 18:55:22,020 ] 45 root - INFO - Load object method started...
[ 2026-05-08 18:55:22,022 ] 45 root - INFO - Load object method started...
[ 2026-05-08 18:55:22,221 ] 48 root - INFO - Object loaded successfully
[ 2026-05-08 18:55:22,221 ] 36 root - INFO - Model and TF-IDF loaded successfully
[ 2026-05-08 18:55:22,291 ] 48 root - INFO - Object loaded successfully
[ 2026-05-08 18:55:22,291 ] 45 root - INFO - Load object method started...
[ 2026-05-08 18:55:22,399 ] 48 root - INFO - Object loaded successfully
[ 2026-05-08 18:55:22,399 ] 36 root - INFO - Model and TF-IDF loaded successfully
[ 2026-05-08 18:55:22,401 ] 48 root - INFO - Prediction pipeline started
[ 2026-05-08 18:55:22,402 ] 57 root - INFO - URL transformed successfully
[ 2026-05-08 18:55:22,568 ] 93 root - INFO - Prediction completed: \u26a0\ufe0f Phishing
