[ 2026-05-08 14:58:58,891 ] 32 root - INFO - Training pipeline started
[ 2026-05-08 14:58:58,891 ] 39 root - INFO - Data ingestion started...
[ 2026-05-08 14:58:58,959 ] 43 root - INFO - Data loaded successfully...
[ 2026-05-08 14:58:59,060 ] 48 root - INFO - Raw data saved successfully...
[ 2026-05-08 14:58:59,067 ] 54 root - INFO - Train test split completed
[ 2026-05-08 14:58:59,170 ] 65 root - INFO - Train/Test data loaded successfully..
[ 2026-05-08 14:58:59,174 ] 46 root - INFO - Data ingestion completed
[ 2026-05-08 14:58:59,174 ] 33 root - INFO - Data transformation Started...
[ 2026-05-08 14:58:59,252 ] 36 root - INFO - Train/Test data loaded successfully...
[ 2026-05-08 14:58:59,252 ] 44 root - INFO - Input and target features separated
[ 2026-05-08 14:59:00,003 ] 54 root - INFO - TF-IDF transformation completed
[ 2026-05-08 14:59:00,003 ] 22 root - INFO - Save object method started...
[ 2026-05-08 14:59:00,006 ] 33 root - INFO - Object saved successfully in: artifacts/data\models\tfidf.pkl
[ 2026-05-08 14:59:00,007 ] 63 root - INFO - Data transformation completed
[ 2026-05-08 14:59:00,008 ] 40 root - INFO - Model training started
[ 2026-05-08 14:59:00,008 ] 50 root - INFO - Random Forest model initialized
[ 2026-05-08 14:59:05,152 ] 60 root - INFO - Model training completed
[ 2026-05-08 14:59:05,287 ] 69 root - INFO - Prediction completed
[ 2026-05-08 14:59:05,287 ] 60 root - INFO - Classification method started...
[ 2026-05-08 14:59:05,308 ] 65 root - INFO - Classification method finished
[ 2026-05-08 14:59:05,309 ] 89 root - INFO - Model Accuracy: 0.9970296015568985
[ 2026-05-08 14:59:05,309 ] 22 root - INFO - Save object method started...
[ 2026-05-08 14:59:05,341 ] 33 root - INFO - Object saved successfully in: artifacts/data\models\model.pkl
[ 2026-05-08 14:59:05,341 ] 99 root - INFO - Model saved successfully
[ 2026-05-08 14:59:05,345 ] 82 root - INFO - Model training completed
