[ 2026-05-08 18:03:17,662 ] 45 root - INFO - Load object method started...
[ 2026-05-08 18:03:17,745 ] 48 root - INFO - Object loaded successfully
[ 2026-05-08 18:03:17,745 ] 45 root - INFO - Load object method started...
[ 2026-05-08 18:03:17,811 ] 48 root - INFO - Object loaded successfully
[ 2026-05-08 18:03:17,811 ] 33 root - INFO - Model and TF-IDF loaded successfully
[ 2026-05-08 18:03:17,995 ] 1025 httpx - INFO - HTTP Request: GET http://127.0.0.1:7860/startup-events "HTTP/1.1 200 OK"
[ 2026-05-08 18:03:18,018 ] 1025 httpx - INFO - HTTP Request: HEAD http://127.0.0.1:7860/ "HTTP/1.1 200 OK"
[ 2026-05-08 18:03:18,125 ] 1025 httpx - INFO - HTTP Request: GET https://checkip.amazonaws.com/ "HTTP/1.1 200 "
[ 2026-05-08 18:03:18,662 ] 1025 httpx - INFO - HTTP Request: GET https://api.gradio.app/pkg-version "HTTP/1.1 200 OK"
[ 2026-05-08 18:03:18,832 ] 1025 httpx - INFO - HTTP Request: GET https://api.gradio.app/v2/tunnel-request "HTTP/1.1 200 OK"
[ 2026-05-08 18:03:19,270 ] 1025 httpx - INFO - HTTP Request: GET https://cdn-media.huggingface.co/frpc-gradio-0.2/frpc_windows_amd64.exe "HTTP/1.1 200 OK"
[ 2026-05-08 18:03:57,838 ] 41 root - INFO - Prediction pipeline started
[ 2026-05-08 18:03:57,839 ] 50 root - INFO - URL transformed successfully
[ 2026-05-08 18:03:58,074 ] 87 root - INFO - Prediction completed: Legitimate
[ 2026-05-08 18:04:09,463 ] 41 root - INFO - Prediction pipeline started
[ 2026-05-08 18:04:09,464 ] 50 root - INFO - URL transformed successfully
[ 2026-05-08 18:04:09,634 ] 87 root - INFO - Prediction completed: Legitimate
[ 2026-05-08 18:04:16,870 ] 41 root - INFO - Prediction pipeline started
[ 2026-05-08 18:04:16,870 ] 50 root - INFO - URL transformed successfully
[ 2026-05-08 18:04:17,039 ] 87 root - INFO - Prediction completed: Phishing
