[ 2026-05-08 16:11:16,460 ] 32 root - INFO - Training pipeline started
[ 2026-05-08 16:11:16,460 ] 39 root - INFO - Data ingestion started...
[ 2026-05-08 16:11:16,491 ] 43 root - INFO - Data loaded successfully...
[ 2026-05-08 16:11:16,524 ] 48 root - INFO - Raw data saved successfully...
[ 2026-05-08 16:11:16,533 ] 54 root - INFO - Train test split completed
[ 2026-05-08 16:11:16,591 ] 65 root - INFO - Train/Test data loaded successfully..
[ 2026-05-08 16:11:16,595 ] 46 root - INFO - Data ingestion completed
[ 2026-05-08 16:11:16,595 ] 33 root - INFO - Data transformation Started...
[ 2026-05-08 16:11:16,628 ] 36 root - INFO - Train/Test data loaded successfully...
[ 2026-05-08 16:11:16,628 ] 44 root - INFO - Input and target features separated
[ 2026-05-08 16:11:18,453 ] 55 root - INFO - TF-IDF transformation completed
[ 2026-05-08 16:11:18,453 ] 22 root - INFO - Save object method started...
[ 2026-05-08 16:11:18,515 ] 33 root - INFO - Object saved successfully in: artifacts\models\tfidf.pkl
[ 2026-05-08 16:11:18,528 ] 63 root - INFO - Data transformation completed
[ 2026-05-08 16:11:18,528 ] 40 root - INFO - Model training started
[ 2026-05-08 16:11:18,528 ] 51 root - INFO - Random Forest model initialized
[ 2026-05-08 16:11:21,297 ] 61 root - INFO - Model training completed
[ 2026-05-08 16:11:21,474 ] 70 root - INFO - Prediction completed
[ 2026-05-08 16:11:21,475 ] 60 root - INFO - Classification method started...
[ 2026-05-08 16:11:21,484 ] 65 root - INFO - Classification method finished
[ 2026-05-08 16:11:21,485 ] 90 root - INFO - Model Accuracy: 0.9534979002355833
[ 2026-05-08 16:11:21,485 ] 22 root - INFO - Save object method started...
[ 2026-05-08 16:11:21,504 ] 33 root - INFO - Object saved successfully in: artifacts\models\model.pkl
[ 2026-05-08 16:11:21,504 ] 100 root - INFO - Model saved successfully
[ 2026-05-08 16:11:21,507 ] 82 root - INFO - Model training completed
