[ 2026-05-08 16:59:13,856 ] 32 root - INFO - Training pipeline started
[ 2026-05-08 16:59:13,856 ] 39 root - INFO - Data ingestion started...
[ 2026-05-08 16:59:13,887 ] 43 root - INFO - Data loaded successfully...
[ 2026-05-08 16:59:13,923 ] 48 root - INFO - Raw data saved successfully...
[ 2026-05-08 16:59:13,933 ] 54 root - INFO - Train test split completed
[ 2026-05-08 16:59:13,978 ] 65 root - INFO - Train/Test data loaded successfully..
[ 2026-05-08 16:59:13,980 ] 46 root - INFO - Data ingestion completed
[ 2026-05-08 16:59:13,980 ] 61 root - INFO - Data transformation started...
[ 2026-05-08 16:59:14,013 ] 74 root - INFO - Train/Test data loaded successfully
[ 2026-05-08 16:59:14,013 ] 96 root - INFO - Input and target features separated
[ 2026-05-08 16:59:14,052 ] 109 root - INFO - URL cleaning completed
[ 2026-05-08 16:59:15,907 ] 129 root - INFO - TF-IDF transformation completed
[ 2026-05-08 16:59:15,907 ] 22 root - INFO - Save object method started...
[ 2026-05-08 16:59:15,981 ] 33 root - INFO - Object saved successfully in: artifacts\models\tfidf.pkl
[ 2026-05-08 16:59:15,981 ] 155 root - INFO - TF-IDF object saved successfully
[ 2026-05-08 16:59:15,993 ] 63 root - INFO - Data transformation completed
[ 2026-05-08 16:59:15,994 ] 40 root - INFO - Model training started
[ 2026-05-08 16:59:15,994 ] 51 root - INFO - Random Forest model initialized
[ 2026-05-08 16:59:18,919 ] 61 root - INFO - Model training completed
[ 2026-05-08 16:59:19,116 ] 70 root - INFO - Prediction completed
[ 2026-05-08 16:59:19,116 ] 60 root - INFO - Classification method started...
[ 2026-05-08 16:59:19,124 ] 65 root - INFO - Classification method finished
[ 2026-05-08 16:59:19,125 ] 90 root - INFO - Model Accuracy: 0.9596435521868278
[ 2026-05-08 16:59:19,125 ] 22 root - INFO - Save object method started...
[ 2026-05-08 16:59:19,148 ] 33 root - INFO - Object saved successfully in: artifacts\models\model.pkl
[ 2026-05-08 16:59:19,148 ] 100 root - INFO - Model saved successfully
[ 2026-05-08 16:59:19,151 ] 82 root - INFO - Model training completed
